<?xml version="1.0" encoding="UTF-8"?>
<!-- Generated by org.testng.reporters.JUnitReportReporter -->
<testsuite hostname="LAPTOP-IGNMGMC1" failures="0" tests="3" name="com.qa.preretirementcalculator.tests.RetirementCalculatorTest" time="41.940" errors="0" timestamp="24 Sep 2022 11:05:52 GMT" skipped="0">
  <testcase classname="com.qa.preretirementcalculator.tests.RetirementCalculatorTest" name="calculateRetirementSavingsTest" time="41.917"/>
  <testcase classname="com.qa.preretirementcalculator.tests.RetirementCalculatorTest" name="getRetirementCalculatorTitleTest" time="0.014"/>
  <testcase classname="com.qa.preretirementcalculator.tests.RetirementCalculatorTest" name="getRetirementCalculatorUrlTest" time="0.009"/>
</testsuite> <!-- com.qa.preretirementcalculator.tests.RetirementCalculatorTest -->
